
> web@0.1.0 build
> next build

▲ Next.js 16.2.6 (Turbopack)
- Environments: .env.local
- Experiments (use with caution):
  · optimizePackageImports

  Creating an optimized production build ...
✓ Compiled successfully in 6.9s
  Running TypeScript ...
  Finished TypeScript in 3.7s ...
  Collecting page data using 11 workers ...
  Generating static pages using 11 workers (0/19) ...
  Generating static pages using 11 workers (4/19) 
  Generating static pages using 11 workers (9/19) 
  Generating static pages using 11 workers (14/19) 
✓ Generating static pages using 11 workers (19/19) in 663ms
  Finalizing page optimization ...

Route (app)
┌ ○ /
├ ○ /_not-found
├ ○ /admin
├ ○ /admin/blogs
├ ƒ /admin/blogs/[id]
├ ○ /admin/messages
├ ○ /admin/profile
├ ○ /admin/reports
├ ○ /admin/user
├ ○ /login
├ ○ /signup
├ ○ /unauthorized
├ ○ /user
├ ○ /user/blogs
├ ƒ /user/blogs/[id]
├ ○ /user/create
├ ○ /user/messages
├ ○ /user/profile
├ ○ /user/reports
└ ○ /user/save


ƒ Proxy (Middleware)

○  (Static)   prerendered as static content
ƒ  (Dynamic)  server-rendered on demand

